{"message":"Customer with id 6 not Found","level":"error"}
{"message":"customer_phone is required","level":"error"}
{"message":"customer_name is required","level":"error"}
{"message":"type_id_fk is required","level":"error"}
{"message":"Customer with id 23 not Found","level":"error"}
{"message":"Note with id 23 was deleted","level":"info"}
{"message":"Customer with id 13 not Found","level":"error"}
{"message":"Note with id 13 was deleted","level":"info"}
{"message":"Note with id 14 was deleted","level":"info"}
{"message":"Note with id 15 was deleted","level":"info"}
{"message":"Note with id 16 was deleted","level":"info"}
{"message":"Item with id 19 was deleted","level":"info"}
{"message":"Item with id 18 was deleted","level":"info"}
{"message":"Customer with id 12 was deleted","level":"info"}
{"message":"Customer with id 18 was deleted","level":"info"}
{"message":"Customer with id 19 was deleted","level":"info"}
{"message":"Customer with id 17 was deleted","level":"info"}
{"message":"Customer with id 20 was deleted","level":"info"}
{"message":"Customer with id 21 was deleted","level":"info"}
{"message":"Customer with id 22 was deleted","level":"info"}
{"message":"Customer with id 23 was deleted","level":"info"}
{"message":"Customer with id 123123 not Found","level":"error"}
{"message":"Customer with id 999 not Found","level":"error"}
{"message":"Customer with id 999 not Found","level":"error"}
{"message":"Customer with id 999 not Found","level":"error"}
{"message":"Customer with id 999 not Found","level":"error"}
{"message":"Customer with id 999 not Found","level":"error"}
{"message":"Customer with id 999 not Found","level":"error"}
{"message":"Customers with number 1233241231245123 not Found","level":"error"}
{"message":"Customers with number 702 not Found","level":"error"}
{"message":"Customers with number 7025952344 not Found","level":"error"}
{"message":"Customers with number 70259523442323 not Found","level":"error"}
{"message":"Customer with id 999 not Found","level":"error"}
{"message":"Customers with number 999 not Found","level":"error"}
{"message":"Customer with id 999 not Found","level":"error"}
{"message":"Customers with number 999 not Found","level":"error"}
{"message":"Customer with id 999 not Found","level":"error"}
{"message":"Customers with number 999 not Found","level":"error"}
{"message":"Customers with number 999 not Found","level":"error"}
{"message":"Customer with id 999 not Found","level":"error"}
{"message":"Customers with number 999 not Found","level":"error"}
{"message":"Customers with number 999 not Found","level":"error"}
{"message":"Customer with id 999 not Found","level":"error"}
{"message":"Customers with number 999 not Found","level":"error"}
{"message":"Customers with number 999 not Found","level":"error"}
{"message":"Customers with number 175 not Found","level":"error"}
{"message":"Customer with id 999 not Found","level":"error"}
{"message":"Customers with number 999 not Found","level":"error"}
{"message":"Customers with number 999 not Found","level":"error"}
{"message":"Customer with id 999 not Found","level":"error"}
{"message":"Customers with number 999 not Found","level":"error"}
{"message":"Customers with number 999 not Found","level":"error"}
{"message":"Customer with id 999 not Found","level":"error"}
{"message":"Customers with number 999 not Found","level":"error"}
{"message":"Customers with number 999 not Found","level":"error"}
{"message":"Customer with id 999 not Found","level":"error"}
{"message":"Customers with number 999 not Found","level":"error"}
{"message":"Customers with number 999 not Found","level":"error"}
{"message":"Customer with id 999 not Found","level":"error"}
{"message":"Customers with number 999 not Found","level":"error"}
{"message":"Customers with number 999 not Found","level":"error"}
{"message":"Customer with id 999 not Found","level":"error"}
{"message":"Customers with number 999 not Found","level":"error"}
{"message":"Customers with number 999 not Found","level":"error"}
{"message":"Customer with id 999 not Found","level":"error"}
{"message":"Customers with number 999 not Found","level":"error"}
{"message":"Customers with number 999 not Found","level":"error"}
{"message":"Customer with id 999 not Found","level":"error"}
{"message":"Customers with number 999 not Found","level":"error"}
{"message":"Customers with number 999 not Found","level":"error"}
{"message":"Customer with id 999 not Found","level":"error"}
{"message":"Customers with number 999 not Found","level":"error"}
{"message":"Customers with number 999 not Found","level":"error"}
{"message":"Customer with id 999 not Found","level":"error"}
{"message":"Customers with number 999 not Found","level":"error"}
{"message":"Customers with number 999 not Found","level":"error"}
{"message":"Customer with id 999 not Found","level":"error"}
{"message":"Customers with number 999 not Found","level":"error"}
{"message":"Customers with number 999 not Found","level":"error"}
{"message":"Customer with id 999 not Found","level":"error"}
{"message":"Customers with number 999 not Found","level":"error"}
{"message":"Customers with number 999 not Found","level":"error"}
{"message":"Customer with id 999 not Found","level":"error"}
{"message":"Customers with number 999 not Found","level":"error"}
{"message":"Customers with number 999 not Found","level":"error"}
{"message":"Customer with id 999 not Found","level":"error"}
{"message":"Customers with number 999 not Found","level":"error"}
{"message":"Customers with number 999 not Found","level":"error"}
{"message":"Customer with id 999 not Found","level":"error"}
{"message":"Customers with number 999 not Found","level":"error"}
{"message":"Customers with number 999 not Found","level":"error"}
{"message":"Customers with number 705 not Found","level":"error"}
{"message":"Customers with number David not Found","level":"error"}
{"message":"Customers with number David not Found","level":"error"}
{"message":"Customers with number stefan not Found","level":"error"}
{"message":"Customers with number david not Found","level":"error"}
{"message":"Customers with number david not Found","level":"error"}
{"message":"Customers with number david not Found","level":"error"}
{"message":"Customers with number asd not Found","level":"error"}
{"message":"Customers with number david not Found","level":"error"}
{"message":"Customers with number david not Found","level":"error"}
{"message":"Customers with number david not Found","level":"error"}
{"message":"Customers with number hristijan not Found","level":"error"}
{"message":"Customers with number sda not Found","level":"error"}
{"message":"Customer with id 26 was deleted","level":"info"}
{"message":"Customer with id 25 was deleted","level":"info"}
{"message":"Customer with id 25 not Found","level":"error"}
{"message":"Customer with id 23 not Found","level":"error"}
{"message":"Customer with id 22 not Found","level":"error"}
{"message":"Customer with id 15 not Found","level":"error"}
{"message":"Customer with id 999 not Found","level":"error"}
{"message":"Customers with number 999 not Found","level":"error"}
{"message":"Customers with number 999 not Found","level":"error"}
{"message":"Customer with id 999 not Found","level":"error"}
{"message":"Customers with number 999 not Found","level":"error"}
{"message":"Customers with number 999 not Found","level":"error"}
{"message":"Customer with id 999 not Found","level":"error"}
{"message":"Customers with number 999 not Found","level":"error"}
{"message":"Customers with number 999 not Found","level":"error"}
{"message":"Customer with id 999 not Found","level":"error"}
{"message":"Customers with number 999 not Found","level":"error"}
{"message":"Customers with number 999 not Found","level":"error"}
{"message":"item_name is required","level":"error"}
{"message":"Customer with id 999 not Found","level":"error"}
{"message":"Customers with number 999 not Found","level":"error"}
{"message":"Customers with number 999 not Found","level":"error"}
{"message":"Customer with id 999 not Found","level":"error"}
{"message":"Customers with number 999 not Found","level":"error"}
{"message":"Customers with number 999 not Found","level":"error"}
{"message":"Customer with id 999 not Found","level":"error"}
{"message":"Customers with number 999 not Found","level":"error"}
{"message":"Customers with number 999 not Found","level":"error"}
{"message":"Item with id 999 not Found","level":"error"}
{"message":"Item with id 1 not Found","level":"error"}
{"message":"Customer with id 999 not Found","level":"error"}
{"message":"Customers with number 999 not Found","level":"error"}
{"message":"Customers with number 999 not Found","level":"error"}
{"message":"Item with id 999 not Found","level":"error"}
{"message":"Item with id 0 not Found","level":"error"}
{"message":"Customer with id 999 not Found","level":"error"}
{"message":"Customers with number 999 not Found","level":"error"}
{"message":"Customers with number 999 not Found","level":"error"}
{"message":"Item with id 999 not Found","level":"error"}
{"message":"Item with id 1 not Found","level":"error"}
{"message":"Customer with id 999 not Found","level":"error"}
{"message":"Customers with number 999 not Found","level":"error"}
{"message":"Customers with number 999 not Found","level":"error"}
{"message":"Item with id 999 not Found","level":"error"}
{"message":"Item with id 2 not Found","level":"error"}
{"message":"Customer with id 999 not Found","level":"error"}
{"message":"Customers with number 999 not Found","level":"error"}
{"message":"Customers with number 999 not Found","level":"error"}
{"message":"Item with id 999 not Found","level":"error"}
{"message":"Item with id 1 not Found","level":"error"}
{"message":"Customer with id 999 not Found","level":"error"}
{"message":"Customers with number 999 not Found","level":"error"}
{"message":"Customers with number 999 not Found","level":"error"}
{"message":"Item with id 999 not Found","level":"error"}
{"message":"Item with id 1 not Found","level":"error"}
{"message":"Customer with id 999 not Found","level":"error"}
{"message":"Customers with number 999 not Found","level":"error"}
{"message":"Customers with number 999 not Found","level":"error"}
{"message":"Item with id 999 not Found","level":"error"}
{"message":"Item with id 1 not Found","level":"error"}
{"message":"Customer with id 999 not Found","level":"error"}
{"message":"Customers with number 999 not Found","level":"error"}
{"message":"Customers with number 999 not Found","level":"error"}
{"message":"Item with id 999 not Found","level":"error"}
{"message":"Item with id 1 not Found","level":"error"}
{"message":"Customer with id 999 not Found","level":"error"}
{"message":"Customers with number 999 not Found","level":"error"}
{"message":"Customers with number 999 not Found","level":"error"}
{"message":"Item with id 999 not Found","level":"error"}
{"message":"Item with id 1 not Found","level":"error"}
{"message":"Customer with id 999 not Found","level":"error"}
{"message":"Customers with number 999 not Found","level":"error"}
{"message":"Customers with number 999 not Found","level":"error"}
{"message":"Item with id 999 not Found","level":"error"}
{"message":"Item with id 1 not Found","level":"error"}
{"message":"Customer with id 999 not Found","level":"error"}
{"message":"Customers with number 999 not Found","level":"error"}
{"message":"Customers with number 999 not Found","level":"error"}
{"message":"Item with id 999 not Found","level":"error"}
{"message":"Item with id 1 not Found","level":"error"}
{"message":"Customer with id 999 not Found","level":"error"}
{"message":"Customers with number 999 not Found","level":"error"}
{"message":"Customers with number 999 not Found","level":"error"}
{"message":"Item with id 999 not Found","level":"error"}
{"message":"Item with id 1 not Found","level":"error"}
